[debug] [2026-07-19T00:51:41.746Z] ----------------------------------------------------------------------
[debug] [2026-07-19T00:51:41.747Z] Command:       /usr/bin/node /home/zfil/.npm/_npx/ba4f1959e38407b5/node_modules/.bin/firebase deploy --project gen-lang-client-0915242393 --only hosting
[debug] [2026-07-19T00:51:41.747Z] CLI Version:   15.24.0
[debug] [2026-07-19T00:51:41.748Z] Platform:      linux
[debug] [2026-07-19T00:51:41.748Z] Node Version:  v20.19.2
[debug] [2026-07-19T00:51:41.748Z] Detected Agent: antigravity
[debug] [2026-07-19T00:51:41.748Z] Time:          Sun Jul 19 2026 10:51:41 GMT+1000 (Australian Eastern Standard Time)
[debug] [2026-07-19T00:51:41.748Z] ----------------------------------------------------------------------
[debug] 
[debug] [2026-07-19T00:51:42.942Z] > command requires scopes: ["email","openid","https://www.googleapis.com/auth/cloudplatformprojects.readonly","https://www.googleapis.com/auth/firebase","https://www.googleapis.com/auth/cloud-platform"]
[debug] [2026-07-19T00:51:42.943Z] > authorizing via signed-in user (zlatan.filipovic92@gmail.com)
[debug] [2026-07-19T00:51:42.943Z] [iam] checking project gen-lang-client-0915242393 for permissions ["firebase.projects.get","firebasehosting.sites.update"]
[debug] [2026-07-19T00:51:42.944Z] Checked if tokens are valid: true, expires at: 1784424018369
[debug] [2026-07-19T00:51:42.944Z] Checked if tokens are valid: true, expires at: 1784424018369
[debug] [2026-07-19T00:51:42.945Z] >>> [apiv2][query] POST https://cloudresourcemanager.googleapis.com/v1/projects/gen-lang-client-0915242393:testIamPermissions [none]
[debug] [2026-07-19T00:51:42.945Z] >>> [apiv2][(partial)header] POST https://cloudresourcemanager.googleapis.com/v1/projects/gen-lang-client-0915242393:testIamPermissions  x-goog-user-project=gen-lang-client-0915242393
[debug] [2026-07-19T00:51:42.945Z] >>> [apiv2][body] POST https://cloudresourcemanager.googleapis.com/v1/projects/gen-lang-client-0915242393:testIamPermissions {"permissions":["firebase.projects.get","firebasehosting.sites.update"]}
[debug] [2026-07-19T00:51:43.387Z] <<< [apiv2][status] POST https://cloudresourcemanager.googleapis.com/v1/projects/gen-lang-client-0915242393:testIamPermissions 200
[debug] [2026-07-19T00:51:43.388Z] <<< [apiv2][body] POST https://cloudresourcemanager.googleapis.com/v1/projects/gen-lang-client-0915242393:testIamPermissions {"permissions":["firebase.projects.get","firebasehosting.sites.update"]}
[debug] [2026-07-19T00:51:43.389Z] Checked if tokens are valid: true, expires at: 1784424018369
[debug] [2026-07-19T00:51:43.389Z] Checked if tokens are valid: true, expires at: 1784424018369
[debug] [2026-07-19T00:51:43.389Z] >>> [apiv2][query] GET https://firebase.googleapis.com/v1beta1/projects/gen-lang-client-0915242393 [none]
[debug] [2026-07-19T00:51:44.252Z] <<< [apiv2][status] GET https://firebase.googleapis.com/v1beta1/projects/gen-lang-client-0915242393 200
[debug] [2026-07-19T00:51:44.252Z] <<< [apiv2][body] GET https://firebase.googleapis.com/v1beta1/projects/gen-lang-client-0915242393 {"projectId":"gen-lang-client-0915242393","projectNumber":"99083400570","displayName":"OmniOps","name":"projects/gen-lang-client-0915242393","resources":{"hostingSite":"gen-lang-client-0915242393"},"state":"ACTIVE","labels":{"firebase.ai-integrations/builder":"ai-studio","firebase":"enabled"},"etag":"1_c1763f8e-d4ec-4dab-b701-2d6398a8dbd1"}
[info] 
[info] === Deploying to 'gen-lang-client-0915242393'...
[info] 
[info] i  deploying hosting 
[debug] [2026-07-19T00:51:44.256Z] Checked if tokens are valid: true, expires at: 1784424018369
[debug] [2026-07-19T00:51:44.256Z] Checked if tokens are valid: true, expires at: 1784424018369
[debug] [2026-07-19T00:51:44.256Z] >>> [apiv2][query] GET https://firebasehosting.googleapis.com/v1beta1/projects/gen-lang-client-0915242393/sites/gen-lang-client-0915242393 [none]
[debug] [2026-07-19T00:51:45.831Z] <<< [apiv2][status] GET https://firebasehosting.googleapis.com/v1beta1/projects/gen-lang-client-0915242393/sites/gen-lang-client-0915242393 200
[debug] [2026-07-19T00:51:45.831Z] <<< [apiv2][body] GET https://firebasehosting.googleapis.com/v1beta1/projects/gen-lang-client-0915242393/sites/gen-lang-client-0915242393 {"name":"projects/gen-lang-client-0915242393/sites/gen-lang-client-0915242393","defaultUrl":"https://gen-lang-client-0915242393.web.app","type":"DEFAULT_SITE"}
[debug] [2026-07-19T00:51:45.835Z] Checked if tokens are valid: true, expires at: 1784424018369
[debug] [2026-07-19T00:51:45.835Z] Checked if tokens are valid: true, expires at: 1784424018369
[debug] [2026-07-19T00:51:45.836Z] >>> [apiv2][query] POST https://firebasehosting.googleapis.com/v1beta1/projects/-/sites/gen-lang-client-0915242393/versions [none]
[debug] [2026-07-19T00:51:45.837Z] >>> [apiv2][body] POST https://firebasehosting.googleapis.com/v1beta1/projects/-/sites/gen-lang-client-0915242393/versions {"status":"CREATED","labels":{"deployment-tool":"cli-firebase"}}
[debug] [2026-07-19T00:51:47.368Z] <<< [apiv2][status] POST https://firebasehosting.googleapis.com/v1beta1/projects/-/sites/gen-lang-client-0915242393/versions 200
[debug] [2026-07-19T00:51:47.368Z] <<< [apiv2][body] POST https://firebasehosting.googleapis.com/v1beta1/projects/-/sites/gen-lang-client-0915242393/versions {"name":"projects/99083400570/sites/gen-lang-client-0915242393/versions/2a24eccfbef61391","status":"CREATED","config":{},"labels":{"deployment-tool":"cli-firebase"}}
[info] i  hosting[gen-lang-client-0915242393]: beginning deploy... 
[info] i  hosting[gen-lang-client-0915242393]: found 7 files in dist 
[debug] [2026-07-19T00:51:47.395Z] [hosting] uploading with 200 concurrency
[debug] [2026-07-19T00:51:47.476Z] Checked if tokens are valid: true, expires at: 1784424018369
[debug] [2026-07-19T00:51:47.476Z] Checked if tokens are valid: true, expires at: 1784424018369
[debug] [2026-07-19T00:51:47.477Z] [hosting] hash cache [ZGlzdA] stored for 7 files
[debug] [2026-07-19T00:51:47.477Z] [hosting][hash queue][FINAL] {"max":76,"min":7,"avg":17,"active":0,"complete":7,"success":7,"errored":0,"retried":0,"total":7,"elapsed":80}
[debug] [2026-07-19T00:51:47.478Z] >>> [apiv2][query] POST https://firebasehosting.googleapis.com/v1beta1/projects/99083400570/sites/gen-lang-client-0915242393/versions/2a24eccfbef61391:populateFiles [none]
[debug] [2026-07-19T00:51:47.478Z] >>> [apiv2][body] POST https://firebasehosting.googleapis.com/v1beta1/projects/99083400570/sites/gen-lang-client-0915242393/versions/2a24eccfbef61391:populateFiles {"files":{"/setup_agent.sh":"3fc5254de2a84e5925b18f0fd75a133211bdf10d3a449168a36c97b0dc68f9f5","/tablet_agent.py":"7d1c6bd0fffe29f5c595165c46269eaee43644b77adfd328e70e1ef13fb879d7","/server.cjs.map":"b090eb04b216210d09c00bf897b0f564a032e51d9442bc3328c636e67bf17864","/index.html":"3389466ee1e2258636f494367d52af2741a3eb8f8581cd5eb467d8f27bbe66bf","/server.cjs":"d191536fb5c5099ee3dbb5e7d206144a460aac9f194cb1fdc6a6e81c8185c542","/assets/index-C8r4ukR1.css":"5d3adf1a7342d1918fb178342fcf20caa032add2ee061a3f504fcd1fe3723b20","/assets/index-VOL1-iiv.js":"f5274ffb0d7497d659d808e133ea673c12d8ca4115b57ffc3946b00bddecd8e7"}}
[debug] [2026-07-19T00:51:48.138Z] <<< [apiv2][status] POST https://firebasehosting.googleapis.com/v1beta1/projects/99083400570/sites/gen-lang-client-0915242393/versions/2a24eccfbef61391:populateFiles 200
[debug] [2026-07-19T00:51:48.138Z] <<< [apiv2][body] POST https://firebasehosting.googleapis.com/v1beta1/projects/99083400570/sites/gen-lang-client-0915242393/versions/2a24eccfbef61391:populateFiles {"uploadRequiredHashes":["3389466ee1e2258636f494367d52af2741a3eb8f8581cd5eb467d8f27bbe66bf","5d3adf1a7342d1918fb178342fcf20caa032add2ee061a3f504fcd1fe3723b20","f5274ffb0d7497d659d808e133ea673c12d8ca4115b57ffc3946b00bddecd8e7"],"uploadUrl":"https://upload-firebasehosting.googleapis.com/upload/sites/gen-lang-client-0915242393/versions/2a24eccfbef61391/files"}
[debug] [2026-07-19T00:51:48.139Z] Checked if tokens are valid: true, expires at: 1784424018369
[debug] [2026-07-19T00:51:48.139Z] Checked if tokens are valid: true, expires at: 1784424018369
[debug] [2026-07-19T00:51:48.139Z] Checked if tokens are valid: true, expires at: 1784424018369
[debug] [2026-07-19T00:51:48.139Z] Checked if tokens are valid: true, expires at: 1784424018369
[debug] [2026-07-19T00:51:48.139Z] Checked if tokens are valid: true, expires at: 1784424018369
[debug] [2026-07-19T00:51:48.139Z] Checked if tokens are valid: true, expires at: 1784424018369
[debug] [2026-07-19T00:51:48.140Z] >>> [apiv2][query] POST https://upload-firebasehosting.googleapis.com/upload/sites/gen-lang-client-0915242393/versions/2a24eccfbef61391/files/3389466ee1e2258636f494367d52af2741a3eb8f8581cd5eb467d8f27bbe66bf [none]
[debug] [2026-07-19T00:51:48.140Z] >>> [apiv2][body] POST https://upload-firebasehosting.googleapis.com/upload/sites/gen-lang-client-0915242393/versions/2a24eccfbef61391/files/3389466ee1e2258636f494367d52af2741a3eb8f8581cd5eb467d8f27bbe66bf [stream]
[debug] [2026-07-19T00:51:48.141Z] >>> [apiv2][query] POST https://upload-firebasehosting.googleapis.com/upload/sites/gen-lang-client-0915242393/versions/2a24eccfbef61391/files/5d3adf1a7342d1918fb178342fcf20caa032add2ee061a3f504fcd1fe3723b20 [none]
[debug] [2026-07-19T00:51:48.141Z] >>> [apiv2][body] POST https://upload-firebasehosting.googleapis.com/upload/sites/gen-lang-client-0915242393/versions/2a24eccfbef61391/files/5d3adf1a7342d1918fb178342fcf20caa032add2ee061a3f504fcd1fe3723b20 [stream]
[debug] [2026-07-19T00:51:48.142Z] >>> [apiv2][query] POST https://upload-firebasehosting.googleapis.com/upload/sites/gen-lang-client-0915242393/versions/2a24eccfbef61391/files/f5274ffb0d7497d659d808e133ea673c12d8ca4115b57ffc3946b00bddecd8e7 [none]
[debug] [2026-07-19T00:51:48.142Z] >>> [apiv2][body] POST https://upload-firebasehosting.googleapis.com/upload/sites/gen-lang-client-0915242393/versions/2a24eccfbef61391/files/f5274ffb0d7497d659d808e133ea673c12d8ca4115b57ffc3946b00bddecd8e7 [stream]
[debug] [2026-07-19T00:51:48.144Z] [hosting][populate queue][FINAL] {"max":663,"min":663,"avg":663,"active":0,"complete":1,"success":1,"errored":0,"retried":0,"total":1,"elapsed":669}
[debug] [2026-07-19T00:51:48.144Z] [hosting] uploads queued: 3
